Analysis & Synthesis report for chip8
Mon Apr  8 08:47:47 2024
Quartus Prime Version 23.1std.0 Build 991 11/28/2023 SC Lite Edition


---------------------
; Table of Contents ;
---------------------
  1. Legal Notice
  2. Analysis & Synthesis Summary
  3. Analysis & Synthesis Settings
  4. Parallel Compilation
  5. Analysis & Synthesis Source Files Read
  6. Analysis & Synthesis Resource Usage Summary
  7. Analysis & Synthesis Resource Utilization by Entity
  8. Analysis & Synthesis RAM Summary
  9. Registers Removed During Synthesis
 10. Removed Registers Triggering Further Register Optimizations
 11. General Register Statistics
 12. Inverted Register Statistics
 13. Registers Packed Into Inferred Megafunctions
 14. Multiplexer Restructuring Statistics (Restructuring Performed)
 15. Source assignments for memory:mem|altsyncram:mem_rtl_0|altsyncram_dsq1:auto_generated
 16. Parameter Settings for User Entity Instance: downclocker:dc
 17. Parameter Settings for User Entity Instance: memory:mem
 18. Parameter Settings for Inferred Entity Instance: memory:mem|altsyncram:mem_rtl_0
 19. altsyncram Parameter Settings by Entity Instance
 20. Port Connectivity Checks: "cpu:cpu|st7920_serial_driver:gpu"
 21. Port Connectivity Checks: "cpu:cpu"
 22. Post-Synthesis Netlist Statistics for Top Partition
 23. Elapsed Time Per Partition
 24. Analysis & Synthesis Messages
 25. Analysis & Synthesis Suppressed Messages



----------------
; Legal Notice ;
----------------
Copyright (C) 2023  Intel Corporation. All rights reserved.
Your use of Intel Corporation's design tools, logic functions 
and other software and tools, and any partner logic 
functions, and any output files from any of the foregoing 
(including device programming or simulation files), and any 
associated documentation or information are expressly subject 
to the terms and conditions of the Intel Program License 
Subscription Agreement, the Intel Quartus Prime License Agreement,
the Intel FPGA IP License Agreement, or other applicable license
agreement, including, without limitation, that your use is for
the sole purpose of programming logic devices manufactured by
Intel and sold by Intel or its authorized distributors.  Please
refer to the applicable agreement for further details, at
https://fpgasoftware.intel.com/eula.



+----------------------------------------------------------------------------------+
; Analysis & Synthesis Summary                                                     ;
+---------------------------------+------------------------------------------------+
; Analysis & Synthesis Status     ; Successful - Mon Apr  8 08:47:47 2024          ;
; Quartus Prime Version           ; 23.1std.0 Build 991 11/28/2023 SC Lite Edition ;
; Revision Name                   ; chip8                                          ;
; Top-level Entity Name           ; chip8                                          ;
; Family                          ; Cyclone V                                      ;
; Logic utilization (in ALMs)     ; N/A                                            ;
; Total registers                 ; 8836                                           ;
; Total pins                      ; 10                                             ;
; Total virtual pins              ; 0                                              ;
; Total block memory bits         ; 32,768                                         ;
; Total DSP Blocks                ; 0                                              ;
; Total HSSI RX PCSs              ; 0                                              ;
; Total HSSI PMA RX Deserializers ; 0                                              ;
; Total HSSI TX PCSs              ; 0                                              ;
; Total HSSI PMA TX Serializers   ; 0                                              ;
; Total PLLs                      ; 0                                              ;
; Total DLLs                      ; 0                                              ;
+---------------------------------+------------------------------------------------+


+---------------------------------------------------------------------------------------------------------------------------+
; Analysis & Synthesis Settings                                                                                             ;
+---------------------------------------------------------------------------------+--------------------+--------------------+
; Option                                                                          ; Setting            ; Default Value      ;
+---------------------------------------------------------------------------------+--------------------+--------------------+
; Device                                                                          ; 5CSEBA6U23I7       ;                    ;
; Top-level entity name                                                           ; chip8              ; chip8              ;
; Family name                                                                     ; Cyclone V          ; Cyclone V          ;
; Use smart compilation                                                           ; Off                ; Off                ;
; Enable parallel Assembler and Timing Analyzer during compilation                ; On                 ; On                 ;
; Enable compact report table                                                     ; Off                ; Off                ;
; Restructure Multiplexers                                                        ; Auto               ; Auto               ;
; MLAB Add Timing Constraints For Mixed-Port Feed-Through Mode Setting Don't Care ; Off                ; Off                ;
; Create Debugging Nodes for IP Cores                                             ; Off                ; Off                ;
; Preserve fewer node names                                                       ; On                 ; On                 ;
; Intel FPGA IP Evaluation Mode                                                   ; Enable             ; Enable             ;
; Verilog Version                                                                 ; Verilog_2001       ; Verilog_2001       ;
; VHDL Version                                                                    ; VHDL_1993          ; VHDL_1993          ;
; State Machine Processing                                                        ; Auto               ; Auto               ;
; Safe State Machine                                                              ; Off                ; Off                ;
; Extract Verilog State Machines                                                  ; On                 ; On                 ;
; Extract VHDL State Machines                                                     ; On                 ; On                 ;
; Ignore Verilog initial constructs                                               ; Off                ; Off                ;
; Iteration limit for constant Verilog loops                                      ; 5000               ; 5000               ;
; Iteration limit for non-constant Verilog loops                                  ; 250                ; 250                ;
; Add Pass-Through Logic to Inferred RAMs                                         ; On                 ; On                 ;
; Infer RAMs from Raw Logic                                                       ; On                 ; On                 ;
; Parallel Synthesis                                                              ; On                 ; On                 ;
; DSP Block Balancing                                                             ; Auto               ; Auto               ;
; NOT Gate Push-Back                                                              ; On                 ; On                 ;
; Power-Up Don't Care                                                             ; On                 ; On                 ;
; Remove Redundant Logic Cells                                                    ; Off                ; Off                ;
; Remove Duplicate Registers                                                      ; On                 ; On                 ;
; Ignore CARRY Buffers                                                            ; Off                ; Off                ;
; Ignore CASCADE Buffers                                                          ; Off                ; Off                ;
; Ignore GLOBAL Buffers                                                           ; Off                ; Off                ;
; Ignore ROW GLOBAL Buffers                                                       ; Off                ; Off                ;
; Ignore LCELL Buffers                                                            ; Off                ; Off                ;
; Ignore SOFT Buffers                                                             ; On                 ; On                 ;
; Limit AHDL Integers to 32 Bits                                                  ; Off                ; Off                ;
; Optimization Technique                                                          ; Balanced           ; Balanced           ;
; Carry Chain Length                                                              ; 70                 ; 70                 ;
; Auto Carry Chains                                                               ; On                 ; On                 ;
; Auto Open-Drain Pins                                                            ; On                 ; On                 ;
; Perform WYSIWYG Primitive Resynthesis                                           ; Off                ; Off                ;
; Auto ROM Replacement                                                            ; On                 ; On                 ;
; Auto RAM Replacement                                                            ; On                 ; On                 ;
; Auto DSP Block Replacement                                                      ; On                 ; On                 ;
; Auto Shift Register Replacement                                                 ; Auto               ; Auto               ;
; Allow Shift Register Merging across Hierarchies                                 ; Auto               ; Auto               ;
; Auto Clock Enable Replacement                                                   ; On                 ; On                 ;
; Strict RAM Replacement                                                          ; Off                ; Off                ;
; Allow Synchronous Control Signals                                               ; On                 ; On                 ;
; Force Use of Synchronous Clear Signals                                          ; Off                ; Off                ;
; Auto Resource Sharing                                                           ; Off                ; Off                ;
; Allow Any RAM Size For Recognition                                              ; Off                ; Off                ;
; Allow Any ROM Size For Recognition                                              ; Off                ; Off                ;
; Allow Any Shift Register Size For Recognition                                   ; Off                ; Off                ;
; Use LogicLock Constraints during Resource Balancing                             ; On                 ; On                 ;
; Ignore translate_off and synthesis_off directives                               ; Off                ; Off                ;
; Timing-Driven Synthesis                                                         ; On                 ; On                 ;
; Report Parameter Settings                                                       ; On                 ; On                 ;
; Report Source Assignments                                                       ; On                 ; On                 ;
; Report Connectivity Checks                                                      ; On                 ; On                 ;
; Ignore Maximum Fan-Out Assignments                                              ; Off                ; Off                ;
; Synchronization Register Chain Length                                           ; 3                  ; 3                  ;
; Power Optimization During Synthesis                                             ; Normal compilation ; Normal compilation ;
; HDL message level                                                               ; Level2             ; Level2             ;
; Suppress Register Optimization Related Messages                                 ; Off                ; Off                ;
; Number of Removed Registers Reported in Synthesis Report                        ; 5000               ; 5000               ;
; Number of Swept Nodes Reported in Synthesis Report                              ; 5000               ; 5000               ;
; Number of Inverted Registers Reported in Synthesis Report                       ; 100                ; 100                ;
; Clock MUX Protection                                                            ; On                 ; On                 ;
; Auto Gated Clock Conversion                                                     ; Off                ; Off                ;
; Block Design Naming                                                             ; Auto               ; Auto               ;
; SDC constraint protection                                                       ; Off                ; Off                ;
; Synthesis Effort                                                                ; Auto               ; Auto               ;
; Shift Register Replacement - Allow Asynchronous Clear Signal                    ; On                 ; On                 ;
; Pre-Mapping Resynthesis Optimization                                            ; Off                ; Off                ;
; Analysis & Synthesis Message Level                                              ; Medium             ; Medium             ;
; Disable Register Merging Across Hierarchies                                     ; Auto               ; Auto               ;
; Resource Aware Inference For Block RAM                                          ; On                 ; On                 ;
; Automatic Parallel Synthesis                                                    ; On                 ; On                 ;
; Partial Reconfiguration Bitstream ID                                            ; Off                ; Off                ;
+---------------------------------------------------------------------------------+--------------------+--------------------+


+------------------------------------------+
; Parallel Compilation                     ;
+----------------------------+-------------+
; Processors                 ; Number      ;
+----------------------------+-------------+
; Number detected on machine ; 12          ;
; Maximum allowed            ; 12          ;
;                            ;             ;
; Average used               ; 3.67        ;
; Maximum used               ; 12          ;
;                            ;             ;
; Usage by Processor         ; % Time Used ;
;     Processor 1            ; 100.0%      ;
;     Processor 2            ;  40.2%      ;
;     Processor 3            ;  40.2%      ;
;     Processor 4            ;  35.9%      ;
;     Processor 5            ;  35.8%      ;
;     Processor 6            ;  35.8%      ;
;     Processor 7            ;  25.7%      ;
;     Processor 8            ;  25.7%      ;
;     Processor 9            ;   6.9%      ;
;     Processor 10           ;   6.9%      ;
;     Processor 11           ;   6.9%      ;
;     Processor 12           ;   6.8%      ;
+----------------------------+-------------+


+--------------------------------------------------------------------------------------------------------------------------------------------------------------------------------------------------------------------------+
; Analysis & Synthesis Source Files Read                                                                                                                                                                                   ;
+---------------------------------------+-----------------+-------------------------------------------------------+----------------------------------------------------------------------------------------------+---------+
; File Name with User-Entered Path      ; Used in Netlist ; File Type                                             ; File Name with Absolute Path                                                                 ; Library ;
+---------------------------------------+-----------------+-------------------------------------------------------+----------------------------------------------------------------------------------------------+---------+
; the-bomb/st7920_serial_driver.sv      ; yes             ; User SystemVerilog HDL File                           ; /home/nickorlow/programming/school/warminster/yayacemu/the-bomb/st7920_serial_driver.sv      ;         ;
; chip8.sv                              ; yes             ; User SystemVerilog HDL File                           ; /home/nickorlow/programming/school/warminster/yayacemu/chip8.sv                              ;         ;
; cpu.sv                                ; yes             ; User SystemVerilog HDL File                           ; /home/nickorlow/programming/school/warminster/yayacemu/cpu.sv                                ;         ;
; alu.sv                                ; yes             ; User SystemVerilog HDL File                           ; /home/nickorlow/programming/school/warminster/yayacemu/alu.sv                                ;         ;
; aastructs.sv                          ; yes             ; User SystemVerilog HDL File                           ; /home/nickorlow/programming/school/warminster/yayacemu/aastructs.sv                          ;         ;
; downclocker.sv                        ; yes             ; User SystemVerilog HDL File                           ; /home/nickorlow/programming/school/warminster/yayacemu/downclocker.sv                        ;         ;
; memory.sv                             ; yes             ; Auto-Found SystemVerilog HDL File                     ; /home/nickorlow/programming/school/warminster/yayacemu/memory.sv                             ;         ;
; rom.bin                               ; yes             ; Auto-Found Unspecified File                           ; /home/nickorlow/programming/school/warminster/yayacemu/rom.bin                               ;         ;
; fontset.bin                           ; yes             ; Auto-Found Unspecified File                           ; /home/nickorlow/programming/school/warminster/yayacemu/fontset.bin                           ;         ;
; altsyncram.tdf                        ; yes             ; Megafunction                                          ; /opt/intelFPGA/23.1/quartus/libraries/megafunctions/altsyncram.tdf                           ;         ;
; stratix_ram_block.inc                 ; yes             ; Megafunction                                          ; /opt/intelFPGA/23.1/quartus/libraries/megafunctions/stratix_ram_block.inc                    ;         ;
; lpm_mux.inc                           ; yes             ; Megafunction                                          ; /opt/intelFPGA/23.1/quartus/libraries/megafunctions/lpm_mux.inc                              ;         ;
; lpm_decode.inc                        ; yes             ; Megafunction                                          ; /opt/intelFPGA/23.1/quartus/libraries/megafunctions/lpm_decode.inc                           ;         ;
; aglobal231.inc                        ; yes             ; Megafunction                                          ; /opt/intelFPGA/23.1/quartus/libraries/megafunctions/aglobal231.inc                           ;         ;
; a_rdenreg.inc                         ; yes             ; Megafunction                                          ; /opt/intelFPGA/23.1/quartus/libraries/megafunctions/a_rdenreg.inc                            ;         ;
; altrom.inc                            ; yes             ; Megafunction                                          ; /opt/intelFPGA/23.1/quartus/libraries/megafunctions/altrom.inc                               ;         ;
; altram.inc                            ; yes             ; Megafunction                                          ; /opt/intelFPGA/23.1/quartus/libraries/megafunctions/altram.inc                               ;         ;
; altdpram.inc                          ; yes             ; Megafunction                                          ; /opt/intelFPGA/23.1/quartus/libraries/megafunctions/altdpram.inc                             ;         ;
; db/altsyncram_dsq1.tdf                ; yes             ; Auto-Generated Megafunction                           ; /home/nickorlow/programming/school/warminster/yayacemu/db/altsyncram_dsq1.tdf                ;         ;
; db/chip8.ram0_memory_e9e85012.hdl.mif ; yes             ; Auto-Generated Auto-Found Memory Initialization File  ; /home/nickorlow/programming/school/warminster/yayacemu/db/chip8.ram0_memory_e9e85012.hdl.mif ;         ;
+---------------------------------------+-----------------+-------------------------------------------------------+----------------------------------------------------------------------------------------------+---------+


+----------------------------------------------------------------------+
; Analysis & Synthesis Resource Usage Summary                          ;
+---------------------------------------------+------------------------+
; Resource                                    ; Usage                  ;
+---------------------------------------------+------------------------+
; Estimate of Logic utilization (ALMs needed) ; 10507                  ;
;                                             ;                        ;
; Combinational ALUT usage for logic          ; 17207                  ;
;     -- 7 input functions                    ; 56                     ;
;     -- 6 input functions                    ; 3707                   ;
;     -- 5 input functions                    ; 5934                   ;
;     -- 4 input functions                    ; 2008                   ;
;     -- <=3 input functions                  ; 5502                   ;
;                                             ;                        ;
; Dedicated logic registers                   ; 8836                   ;
;                                             ;                        ;
; I/O pins                                    ; 10                     ;
; Total MLAB memory bits                      ; 0                      ;
; Total block memory bits                     ; 32768                  ;
;                                             ;                        ;
; Total DSP Blocks                            ; 0                      ;
;                                             ;                        ;
; Maximum fan-out node                        ; downclocker:dc|clk_out ;
; Maximum fan-out                             ; 8652                   ;
; Total fan-out                               ; 103021                 ;
; Average fan-out                             ; 3.95                   ;
+---------------------------------------------+------------------------+


+------------------------------------------------------------------------------------------------------------------------------------------------------------------------------------------------------------------------------------------------------------------+
; Analysis & Synthesis Resource Utilization by Entity                                                                                                                                                                                                              ;
+-------------------------------------------+---------------------+---------------------------+-------------------+------------+------+--------------+-----------------------------------------------------------------------+----------------------+--------------+
; Compilation Hierarchy Node                ; Combinational ALUTs ; Dedicated Logic Registers ; Block Memory Bits ; DSP Blocks ; Pins ; Virtual Pins ; Full Hierarchy Name                                                   ; Entity Name          ; Library Name ;
+-------------------------------------------+---------------------+---------------------------+-------------------+------------+------+--------------+-----------------------------------------------------------------------+----------------------+--------------+
; |chip8                                    ; 17207 (1)           ; 8836 (0)                  ; 32768             ; 0          ; 10   ; 0            ; |chip8                                                                ; chip8                ; work         ;
;    |cpu:cpu|                              ; 17195 (11517)       ; 8825 (8594)               ; 0                 ; 0          ; 0    ; 0            ; |chip8|cpu:cpu                                                        ; cpu                  ; work         ;
;       |alu:alu|                           ; 47 (47)             ; 49 (49)                   ; 0                 ; 0          ; 0    ; 0            ; |chip8|cpu:cpu|alu:alu                                                ; alu                  ; work         ;
;       |st7920_serial_driver:gpu|          ; 5631 (5585)         ; 182 (129)                 ; 0                 ; 0          ; 0    ; 0            ; |chip8|cpu:cpu|st7920_serial_driver:gpu                               ; st7920_serial_driver ; work         ;
;          |commander:com|                  ; 46 (46)             ; 53 (53)                   ; 0                 ; 0          ; 0    ; 0            ; |chip8|cpu:cpu|st7920_serial_driver:gpu|commander:com                 ; commander            ; work         ;
;    |downclocker:dc|                       ; 11 (11)             ; 11 (11)                   ; 0                 ; 0          ; 0    ; 0            ; |chip8|downclocker:dc                                                 ; downclocker          ; work         ;
;    |memory:mem|                           ; 0 (0)               ; 0 (0)                     ; 32768             ; 0          ; 0    ; 0            ; |chip8|memory:mem                                                     ; memory               ; work         ;
;       |altsyncram:mem_rtl_0|              ; 0 (0)               ; 0 (0)                     ; 32768             ; 0          ; 0    ; 0            ; |chip8|memory:mem|altsyncram:mem_rtl_0                                ; altsyncram           ; work         ;
;          |altsyncram_dsq1:auto_generated| ; 0 (0)               ; 0 (0)                     ; 32768             ; 0          ; 0    ; 0            ; |chip8|memory:mem|altsyncram:mem_rtl_0|altsyncram_dsq1:auto_generated ; altsyncram_dsq1      ; work         ;
+-------------------------------------------+---------------------+---------------------------+-------------------+------------+------+--------------+-----------------------------------------------------------------------+----------------------+--------------+
Note: For table entries with two numbers listed, the numbers in parentheses indicate the number of resources of the given type used by the specific entity alone. The numbers listed outside of parentheses indicate the total resources of the given type used by the specific entity and all of its sub-entities in the hierarchy.


+-----------------------------------------------------------------------------------------------------------------------------------------------------------------------------------------------------------------+
; Analysis & Synthesis RAM Summary                                                                                                                                                                                ;
+---------------------------------------------------------------------------+------+------------------+--------------+--------------+--------------+--------------+-------+---------------------------------------+
; Name                                                                      ; Type ; Mode             ; Port A Depth ; Port A Width ; Port B Depth ; Port B Width ; Size  ; MIF                                   ;
+---------------------------------------------------------------------------+------+------------------+--------------+--------------+--------------+--------------+-------+---------------------------------------+
; memory:mem|altsyncram:mem_rtl_0|altsyncram_dsq1:auto_generated|ALTSYNCRAM ; AUTO ; Simple Dual Port ; 4096         ; 8            ; 4096         ; 8            ; 32768 ; db/chip8.ram0_memory_e9e85012.hdl.mif ;
+---------------------------------------------------------------------------+------+------------------+--------------+--------------+--------------+--------------+-------+---------------------------------------+


+----------------------------------------------------------------------------------------------------------------------+
; Registers Removed During Synthesis                                                                                   ;
+------------------------------------------------------------------------+---------------------------------------------+
; Register name                                                          ; Reason for Removal                          ;
+------------------------------------------------------------------------+---------------------------------------------+
; cpu:cpu|st7920_serial_driver:gpu|d_flip_flop:dff|data_out              ; Stuck at VCC due to stuck port data_in      ;
; cpu:cpu|wr_memory_address[0..11]                                       ; Stuck at GND due to stuck port data_in      ;
; cpu:cpu|compute_of                                                     ; Stuck at GND due to stuck port data_in      ;
; cpu:cpu|instr.src_sprite_sz[4]                                         ; Stuck at GND due to stuck port data_in      ;
; cpu:cpu|instr.src_sprite_y[5..7]                                       ; Stuck at GND due to stuck port data_in      ;
; cpu:cpu|instr.src_sprite_x[6,7]                                        ; Stuck at GND due to stuck port data_in      ;
; cpu:cpu|instr.dst[1..31]                                               ; Stuck at GND due to stuck port data_in      ;
; cpu:cpu|instr.op[3..31]                                                ; Stuck at GND due to stuck port data_in      ;
; cpu:cpu|alu:alu|overflow                                               ; Lost fanout                                 ;
; cpu:cpu|alu:alu|result_int[8]                                          ; Lost fanout                                 ;
; cpu:cpu|wr_memory_data[0..7]                                           ; Stuck at GND due to stuck port clock_enable ;
; cpu:cpu|state[4..9,11..31]                                             ; Merged with cpu:cpu|state[10]               ;
; cpu:cpu|instr.src[3..31]                                               ; Merged with cpu:cpu|instr.src[0]            ;
; cpu:cpu|draw_state.stage[1..9,11..31]                                  ; Merged with cpu:cpu|draw_state.stage[10]    ;
; cpu:cpu|st7920_serial_driver:gpu|command[8]                            ; Stuck at GND due to stuck port data_in      ;
; cpu:cpu|st7920_serial_driver:gpu|commander:com|full_command_bits[0..3] ; Stuck at GND due to stuck port data_in      ;
; cpu:cpu|wr_go                                                          ; Stuck at GND due to stuck port data_in      ;
; cpu:cpu|draw_state.stage[10]                                           ; Stuck at GND due to stuck port data_in      ;
; cpu:cpu|state[10]                                                      ; Stuck at GND due to stuck port data_in      ;
; cpu:cpu|program_counter[12..15]                                        ; Lost fanout                                 ;
; cpu:cpu|instr.src[0]                                                   ; Stuck at GND due to stuck port data_in      ;
; Total Number of Removed Registers = 189                                ;                                             ;
+------------------------------------------------------------------------+---------------------------------------------+


+------------------------------------------------------------------------------------------------------------------------------------------------------------------------------------+
; Removed Registers Triggering Further Register Optimizations                                                                                                                        ;
+---------------------------------------------------------------------+---------------------------+----------------------------------------------------------------------------------+
; Register name                                                       ; Reason for Removal        ; Registers Removed due to This Register                                           ;
+---------------------------------------------------------------------+---------------------------+----------------------------------------------------------------------------------+
; cpu:cpu|instr.dst[1]                                                ; Stuck at GND              ; cpu:cpu|wr_memory_data[7], cpu:cpu|wr_memory_data[6], cpu:cpu|wr_memory_data[5], ;
;                                                                     ; due to stuck port data_in ; cpu:cpu|wr_memory_data[4], cpu:cpu|wr_memory_data[3], cpu:cpu|wr_memory_data[2], ;
;                                                                     ;                           ; cpu:cpu|wr_memory_data[1], cpu:cpu|wr_memory_data[0], cpu:cpu|wr_go              ;
; cpu:cpu|instr.src_sprite_sz[4]                                      ; Stuck at GND              ; cpu:cpu|instr.src_sprite_y[5], cpu:cpu|instr.src_sprite_y[6],                    ;
;                                                                     ; due to stuck port data_in ; cpu:cpu|instr.src_sprite_y[7], cpu:cpu|instr.src_sprite_x[6],                    ;
;                                                                     ;                           ; cpu:cpu|instr.src_sprite_x[7], cpu:cpu|draw_state.stage[10], cpu:cpu|state[10]   ;
; cpu:cpu|st7920_serial_driver:gpu|commander:com|full_command_bits[0] ; Stuck at GND              ; cpu:cpu|st7920_serial_driver:gpu|commander:com|full_command_bits[1],             ;
;                                                                     ; due to stuck port data_in ; cpu:cpu|st7920_serial_driver:gpu|commander:com|full_command_bits[2],             ;
;                                                                     ;                           ; cpu:cpu|st7920_serial_driver:gpu|commander:com|full_command_bits[3]              ;
; cpu:cpu|compute_of                                                  ; Stuck at GND              ; cpu:cpu|alu:alu|overflow, cpu:cpu|alu:alu|result_int[8]                          ;
;                                                                     ; due to stuck port data_in ;                                                                                  ;
; cpu:cpu|st7920_serial_driver:gpu|d_flip_flop:dff|data_out           ; Stuck at VCC              ; cpu:cpu|st7920_serial_driver:gpu|command[8]                                      ;
;                                                                     ; due to stuck port data_in ;                                                                                  ;
; cpu:cpu|instr.op[3]                                                 ; Stuck at GND              ; cpu:cpu|instr.src[0]                                                             ;
;                                                                     ; due to stuck port data_in ;                                                                                  ;
+---------------------------------------------------------------------+---------------------------+----------------------------------------------------------------------------------+


+------------------------------------------------------+
; General Register Statistics                          ;
+----------------------------------------------+-------+
; Statistic                                    ; Value ;
+----------------------------------------------+-------+
; Total registers                              ; 8836  ;
; Number of registers using Synchronous Clear  ; 169   ;
; Number of registers using Synchronous Load   ; 21    ;
; Number of registers using Asynchronous Clear ; 0     ;
; Number of registers using Asynchronous Load  ; 0     ;
; Number of registers using Clock Enable       ; 8673  ;
; Number of registers using Preset             ; 0     ;
+----------------------------------------------+-------+


+--------------------------------------------------+
; Inverted Register Statistics                     ;
+----------------------------------------+---------+
; Inverted Register                      ; Fan out ;
+----------------------------------------+---------+
; cpu:cpu|alu_rst                        ; 34      ;
; cpu:cpu|program_counter[9]             ; 5       ;
; Total number of inverted registers = 2 ;         ;
+----------------------------------------+---------+


+---------------------------------------------------------+
; Registers Packed Into Inferred Megafunctions            ;
+---------------------------+----------------------+------+
; Register Name             ; Megafunction         ; Type ;
+---------------------------+----------------------+------+
; memory:mem|data_out[0..7] ; memory:mem|mem_rtl_0 ; RAM  ;
+---------------------------+----------------------+------+


+-------------------------------------------------------------------------------------------------------------------------------------------------------------------------------------------+
; Multiplexer Restructuring Statistics (Restructuring Performed)                                                                                                                            ;
+--------------------+-----------+---------------+----------------------+------------------------+------------+-----------------------------------------------------------------------------+
; Multiplexer Inputs ; Bus Width ; Baseline Area ; Area if Restructured ; Saving if Restructured ; Registered ; Example Multiplexer Output                                                  ;
+--------------------+-----------+---------------+----------------------+------------------------+------------+-----------------------------------------------------------------------------+
; 3:1                ; 5 bits    ; 10 LEs        ; 5 LEs                ; 5 LEs                  ; Yes        ; |chip8|cpu:cpu|st7920_serial_driver:gpu|commander:com|full_command_bits[21] ;
; 3:1                ; 8 bits    ; 16 LEs        ; 0 LEs                ; 16 LEs                 ; Yes        ; |chip8|cpu:cpu|st7920_serial_driver:gpu|commander:com|full_command_bits[5]  ;
; 3:1                ; 38 bits   ; 76 LEs        ; 0 LEs                ; 76 LEs                 ; Yes        ; |chip8|cpu:cpu|st7920_serial_driver:gpu|commander:com|i[15]                 ;
; 4:1                ; 32 bits   ; 64 LEs        ; 0 LEs                ; 64 LEs                 ; Yes        ; |chip8|cpu:cpu|st7920_serial_driver:gpu|line_cnt[15]                        ;
; 4:1                ; 6 bits    ; 12 LEs        ; 12 LEs               ; 0 LEs                  ; Yes        ; |chip8|cpu:cpu|st7920_serial_driver:gpu|x[4]                                ;
; 4:1                ; 7 bits    ; 14 LEs        ; 7 LEs                ; 7 LEs                  ; Yes        ; |chip8|cpu:cpu|st7920_serial_driver:gpu|y[6]                                ;
; 5:1                ; 32 bits   ; 96 LEs        ; 32 LEs               ; 64 LEs                 ; Yes        ; |chip8|cpu:cpu|st7920_serial_driver:gpu|i[16]                               ;
; 1029:1             ; 2 bits    ; 1372 LEs      ; 1368 LEs             ; 4 LEs                  ; Yes        ; |chip8|cpu:cpu|st7920_serial_driver:gpu|command[6]                          ;
; 1059:1             ; 5 bits    ; 3530 LEs      ; 3445 LEs             ; 85 LEs                 ; Yes        ; |chip8|cpu:cpu|st7920_serial_driver:gpu|command[5]                          ;
; 3:1                ; 5 bits    ; 10 LEs        ; 5 LEs                ; 5 LEs                  ; Yes        ; |chip8|cpu:cpu|draw_state.r[0]                                              ;
; 4:1                ; 5 bits    ; 10 LEs        ; 10 LEs               ; 0 LEs                  ; Yes        ; |chip8|cpu:cpu|draw_state.c[3]                                              ;
; 16:1               ; 8 bits    ; 80 LEs        ; 80 LEs               ; 0 LEs                  ; Yes        ; |chip8|cpu:cpu|instr.alu_i.operand_b[0]                                     ;
; 16:1               ; 5 bits    ; 50 LEs        ; 50 LEs               ; 0 LEs                  ; Yes        ; |chip8|cpu:cpu|instr.src_sprite_y[0]                                        ;
; 16:1               ; 6 bits    ; 60 LEs        ; 60 LEs               ; 0 LEs                  ; Yes        ; |chip8|cpu:cpu|instr.src_sprite_x[1]                                        ;
; 4:1                ; 12 bits   ; 24 LEs        ; 0 LEs                ; 24 LEs                 ; Yes        ; |chip8|cpu:cpu|rd_memory_address[8]                                         ;
; 5:1                ; 5 bits    ; 15 LEs        ; 5 LEs                ; 10 LEs                 ; Yes        ; |chip8|cpu:cpu|instr.src_sprite_idx[3]                                      ;
; 5:1                ; 2 bits    ; 6 LEs         ; 2 LEs                ; 4 LEs                  ; Yes        ; |chip8|cpu:cpu|draw_state.stage[0]                                          ;
; 7:1                ; 8 bits    ; 32 LEs        ; 8 LEs                ; 24 LEs                 ; Yes        ; |chip8|cpu:cpu|registers[15][5]                                             ;
; 8:1                ; 6 bits    ; 30 LEs        ; 6 LEs                ; 24 LEs                 ; Yes        ; |chip8|cpu:cpu|instr.src_byte[11]                                           ;
; 9:1                ; 4 bits    ; 24 LEs        ; 8 LEs                ; 16 LEs                 ; Yes        ; |chip8|cpu:cpu|program_counter[15]                                          ;
; 9:1                ; 8 bits    ; 48 LEs        ; 16 LEs               ; 32 LEs                 ; Yes        ; |chip8|cpu:cpu|instr.src_byte[1]                                            ;
; 12:1               ; 10 bits   ; 80 LEs        ; 20 LEs               ; 60 LEs                 ; Yes        ; |chip8|cpu:cpu|program_counter[10]                                          ;
+--------------------+-----------+---------------+----------------------+------------------------+------------+-----------------------------------------------------------------------------+


+---------------------------------------------------------------------------------------+
; Source assignments for memory:mem|altsyncram:mem_rtl_0|altsyncram_dsq1:auto_generated ;
+---------------------------------+--------------------+------+-------------------------+
; Assignment                      ; Value              ; From ; To                      ;
+---------------------------------+--------------------+------+-------------------------+
; OPTIMIZE_POWER_DURING_SYNTHESIS ; NORMAL_COMPILATION ; -    ; -                       ;
+---------------------------------+--------------------+------+-------------------------+


+-------------------------------------------------------------+
; Parameter Settings for User Entity Instance: downclocker:dc ;
+----------------+-------+------------------------------------+
; Parameter Name ; Value ; Type                               ;
+----------------+-------+------------------------------------+
; DC_BITS        ; 10    ; Signed Integer                     ;
+----------------+-------+------------------------------------+
Note: In order to hide this table in the UI and the text report file, please set the "Show Parameter Settings in Synthesis Report" option in "Analysis and Synthesis Settings -> More Settings" to "Off".


+---------------------------------------------------------+
; Parameter Settings for User Entity Instance: memory:mem ;
+----------------+-------+--------------------------------+
; Parameter Name ; Value ; Type                           ;
+----------------+-------+--------------------------------+
; RAM_SIZE_BYTES ; 4096  ; Signed Integer                 ;
+----------------+-------+--------------------------------+
Note: In order to hide this table in the UI and the text report file, please set the "Show Parameter Settings in Synthesis Report" option in "Analysis and Synthesis Settings -> More Settings" to "Off".


+---------------------------------------------------------------------------------------------+
; Parameter Settings for Inferred Entity Instance: memory:mem|altsyncram:mem_rtl_0            ;
+------------------------------------+---------------------------------------+----------------+
; Parameter Name                     ; Value                                 ; Type           ;
+------------------------------------+---------------------------------------+----------------+
; BYTE_SIZE_BLOCK                    ; 8                                     ; Untyped        ;
; AUTO_CARRY_CHAINS                  ; ON                                    ; AUTO_CARRY     ;
; IGNORE_CARRY_BUFFERS               ; OFF                                   ; IGNORE_CARRY   ;
; AUTO_CASCADE_CHAINS                ; ON                                    ; AUTO_CASCADE   ;
; IGNORE_CASCADE_BUFFERS             ; OFF                                   ; IGNORE_CASCADE ;
; WIDTH_BYTEENA                      ; 1                                     ; Untyped        ;
; OPERATION_MODE                     ; DUAL_PORT                             ; Untyped        ;
; WIDTH_A                            ; 8                                     ; Untyped        ;
; WIDTHAD_A                          ; 12                                    ; Untyped        ;
; NUMWORDS_A                         ; 4096                                  ; Untyped        ;
; OUTDATA_REG_A                      ; UNREGISTERED                          ; Untyped        ;
; ADDRESS_ACLR_A                     ; NONE                                  ; Untyped        ;
; OUTDATA_ACLR_A                     ; NONE                                  ; Untyped        ;
; WRCONTROL_ACLR_A                   ; NONE                                  ; Untyped        ;
; INDATA_ACLR_A                      ; NONE                                  ; Untyped        ;
; BYTEENA_ACLR_A                     ; NONE                                  ; Untyped        ;
; WIDTH_B                            ; 8                                     ; Untyped        ;
; WIDTHAD_B                          ; 12                                    ; Untyped        ;
; NUMWORDS_B                         ; 4096                                  ; Untyped        ;
; INDATA_REG_B                       ; CLOCK1                                ; Untyped        ;
; WRCONTROL_WRADDRESS_REG_B          ; CLOCK1                                ; Untyped        ;
; RDCONTROL_REG_B                    ; CLOCK1                                ; Untyped        ;
; ADDRESS_REG_B                      ; CLOCK0                                ; Untyped        ;
; OUTDATA_REG_B                      ; UNREGISTERED                          ; Untyped        ;
; BYTEENA_REG_B                      ; CLOCK1                                ; Untyped        ;
; INDATA_ACLR_B                      ; NONE                                  ; Untyped        ;
; WRCONTROL_ACLR_B                   ; NONE                                  ; Untyped        ;
; ADDRESS_ACLR_B                     ; NONE                                  ; Untyped        ;
; OUTDATA_ACLR_B                     ; NONE                                  ; Untyped        ;
; RDCONTROL_ACLR_B                   ; NONE                                  ; Untyped        ;
; BYTEENA_ACLR_B                     ; NONE                                  ; Untyped        ;
; WIDTH_BYTEENA_A                    ; 1                                     ; Untyped        ;
; WIDTH_BYTEENA_B                    ; 1                                     ; Untyped        ;
; RAM_BLOCK_TYPE                     ; AUTO                                  ; Untyped        ;
; BYTE_SIZE                          ; 8                                     ; Untyped        ;
; READ_DURING_WRITE_MODE_MIXED_PORTS ; OLD_DATA                              ; Untyped        ;
; READ_DURING_WRITE_MODE_PORT_A      ; NEW_DATA_NO_NBE_READ                  ; Untyped        ;
; READ_DURING_WRITE_MODE_PORT_B      ; NEW_DATA_NO_NBE_READ                  ; Untyped        ;
; INIT_FILE                          ; db/chip8.ram0_memory_e9e85012.hdl.mif ; Untyped        ;
; INIT_FILE_LAYOUT                   ; PORT_A                                ; Untyped        ;
; MAXIMUM_DEPTH                      ; 0                                     ; Untyped        ;
; CLOCK_ENABLE_INPUT_A               ; NORMAL                                ; Untyped        ;
; CLOCK_ENABLE_INPUT_B               ; NORMAL                                ; Untyped        ;
; CLOCK_ENABLE_OUTPUT_A              ; NORMAL                                ; Untyped        ;
; CLOCK_ENABLE_OUTPUT_B              ; NORMAL                                ; Untyped        ;
; CLOCK_ENABLE_CORE_A                ; USE_INPUT_CLKEN                       ; Untyped        ;
; CLOCK_ENABLE_CORE_B                ; USE_INPUT_CLKEN                       ; Untyped        ;
; ENABLE_ECC                         ; FALSE                                 ; Untyped        ;
; ECC_PIPELINE_STAGE_ENABLED         ; FALSE                                 ; Untyped        ;
; WIDTH_ECCSTATUS                    ; 3                                     ; Untyped        ;
; DEVICE_FAMILY                      ; Cyclone V                             ; Untyped        ;
; CBXI_PARAMETER                     ; altsyncram_dsq1                       ; Untyped        ;
+------------------------------------+---------------------------------------+----------------+
Note: In order to hide this table in the UI and the text report file, please set the "Show Parameter Settings in Synthesis Report" option in "Analysis and Synthesis Settings -> More Settings" to "Off".


+-----------------------------------------------------------------------------+
; altsyncram Parameter Settings by Entity Instance                            ;
+-------------------------------------------+---------------------------------+
; Name                                      ; Value                           ;
+-------------------------------------------+---------------------------------+
; Number of entity instances                ; 1                               ;
; Entity Instance                           ; memory:mem|altsyncram:mem_rtl_0 ;
;     -- OPERATION_MODE                     ; DUAL_PORT                       ;
;     -- WIDTH_A                            ; 8                               ;
;     -- NUMWORDS_A                         ; 4096                            ;
;     -- OUTDATA_REG_A                      ; UNREGISTERED                    ;
;     -- WIDTH_B                            ; 8                               ;
;     -- NUMWORDS_B                         ; 4096                            ;
;     -- ADDRESS_REG_B                      ; CLOCK0                          ;
;     -- OUTDATA_REG_B                      ; UNREGISTERED                    ;
;     -- RAM_BLOCK_TYPE                     ; AUTO                            ;
;     -- READ_DURING_WRITE_MODE_MIXED_PORTS ; OLD_DATA                        ;
+-------------------------------------------+---------------------------------+


+------------------------------------------------------------------------------------------------------------------------+
; Port Connectivity Checks: "cpu:cpu|st7920_serial_driver:gpu"                                                           ;
+--------------+--------+----------+-------------------------------------------------------------------------------------+
; Port         ; Type   ; Severity ; Details                                                                             ;
+--------------+--------+----------+-------------------------------------------------------------------------------------+
; sys_rst_n_ms ; Input  ; Info     ; Stuck at VCC                                                                        ;
; led          ; Output ; Info     ; Connected to dangling logic. Logic that only feeds a dangling port will be removed. ;
+--------------+--------+----------+-------------------------------------------------------------------------------------+


+-------------------------------------------------------------------------------------------------------------------------+
; Port Connectivity Checks: "cpu:cpu"                                                                                     ;
+---------------+--------+----------+-------------------------------------------------------------------------------------+
; Port          ; Type   ; Severity ; Details                                                                             ;
+---------------+--------+----------+-------------------------------------------------------------------------------------+
; cycle_counter ; Output ; Info     ; Connected to dangling logic. Logic that only feeds a dangling port will be removed. ;
+---------------+--------+----------+-------------------------------------------------------------------------------------+


+-----------------------------------------------------+
; Post-Synthesis Netlist Statistics for Top Partition ;
+-----------------------+-----------------------------+
; Type                  ; Count                       ;
+-----------------------+-----------------------------+
; arriav_ff             ; 8836                        ;
;     ENA               ; 8568                        ;
;     ENA SCLR          ; 85                          ;
;     ENA SLD           ; 20                          ;
;     SCLR              ; 84                          ;
;     SLD               ; 1                           ;
;     plain             ; 78                          ;
; arriav_lcell_comb     ; 17207                       ;
;     arith             ; 307                         ;
;         0 data inputs ; 7                           ;
;         1 data inputs ; 271                         ;
;         2 data inputs ; 25                          ;
;         3 data inputs ; 1                           ;
;         4 data inputs ; 1                           ;
;         5 data inputs ; 2                           ;
;     extend            ; 56                          ;
;         7 data inputs ; 56                          ;
;     normal            ; 16838                       ;
;         0 data inputs ; 1                           ;
;         1 data inputs ; 1                           ;
;         2 data inputs ; 198                         ;
;         3 data inputs ; 4992                        ;
;         4 data inputs ; 2007                        ;
;         5 data inputs ; 5932                        ;
;         6 data inputs ; 3707                        ;
;     shared            ; 6                           ;
;         2 data inputs ; 6                           ;
; boundary_port         ; 10                          ;
; stratixv_ram_block    ; 8                           ;
;                       ;                             ;
; Max LUT depth         ; 55.00                       ;
; Average LUT depth     ; 17.74                       ;
+-----------------------+-----------------------------+


+-------------------------------+
; Elapsed Time Per Partition    ;
+----------------+--------------+
; Partition Name ; Elapsed Time ;
+----------------+--------------+
; Top            ; 00:00:44     ;
+----------------+--------------+


+-------------------------------+
; Analysis & Synthesis Messages ;
+-------------------------------+
Info: *******************************************************************
Info: Running Quartus Prime Analysis & Synthesis
    Info: Version 23.1std.0 Build 991 11/28/2023 SC Lite Edition
    Info: Processing started: Mon Apr  8 08:46:51 2024
Info: Command: quartus_map --read_settings_files=on --write_settings_files=off chip8 -c chip8
Warning (18236): Number of processors has not been specified which may cause overloading on shared machines.  Set the global assignment NUM_PARALLEL_PROCESSORS in your QSF to an appropriate value for best performance.
Info (20030): Parallel compilation is enabled and will use 12 of the 12 processors detected
Info (12021): Found 3 design units, including 3 entities, in source file the-bomb/st7920_serial_driver.sv
    Info (12023): Found entity 1: st7920_serial_driver File: /home/nickorlow/programming/school/warminster/yayacemu/the-bomb/st7920_serial_driver.sv Line: 4
    Info (12023): Found entity 2: d_flip_flop File: /home/nickorlow/programming/school/warminster/yayacemu/the-bomb/st7920_serial_driver.sv Line: 137
    Info (12023): Found entity 3: commander File: /home/nickorlow/programming/school/warminster/yayacemu/the-bomb/st7920_serial_driver.sv Line: 147
Info (12021): Found 1 design units, including 1 entities, in source file chip8.sv
    Info (12023): Found entity 1: chip8 File: /home/nickorlow/programming/school/warminster/yayacemu/chip8.sv Line: 1
Info (12021): Found 1 design units, including 1 entities, in source file cpu.sv
    Info (12023): Found entity 1: cpu File: /home/nickorlow/programming/school/warminster/yayacemu/cpu.sv Line: 3
Info (12021): Found 1 design units, including 1 entities, in source file alu.sv
    Info (12023): Found entity 1: alu File: /home/nickorlow/programming/school/warminster/yayacemu/alu.sv Line: 3
Info (12021): Found 1 design units, including 0 entities, in source file aastructs.sv
    Info (12022): Found design unit 1: structs (SystemVerilog) File: /home/nickorlow/programming/school/warminster/yayacemu/aastructs.sv Line: 1
Info (12021): Found 1 design units, including 1 entities, in source file downclocker.sv
    Info (12023): Found entity 1: downclocker File: /home/nickorlow/programming/school/warminster/yayacemu/downclocker.sv Line: 1
Info (12127): Elaborating entity "chip8" for the top level hierarchy
Info (12128): Elaborating entity "downclocker" for hierarchy "downclocker:dc" File: /home/nickorlow/programming/school/warminster/yayacemu/chip8.sv Line: 14
Warning (10230): Verilog HDL assignment warning at downclocker.sv(18): truncated value with size 32 to match size of target (10) File: /home/nickorlow/programming/school/warminster/yayacemu/downclocker.sv Line: 18
Warning (12125): Using design file memory.sv, which is not specified as a design file for the current project, but contains definitions for 1 design units and 1 entities in project
    Info (12023): Found entity 1: memory File: /home/nickorlow/programming/school/warminster/yayacemu/memory.sv Line: 1
Info (12128): Elaborating entity "memory" for hierarchy "memory:mem" File: /home/nickorlow/programming/school/warminster/yayacemu/chip8.sv Line: 29
Warning (10850): Verilog HDL warning at memory.sv(14): number of words (80) in memory file does not match the number of elements in the address range [0:4095] File: /home/nickorlow/programming/school/warminster/yayacemu/memory.sv Line: 14
Warning (10850): Verilog HDL warning at memory.sv(15): number of words (132) in memory file does not match the number of elements in the address range [512:4095] File: /home/nickorlow/programming/school/warminster/yayacemu/memory.sv Line: 15
Info (12128): Elaborating entity "cpu" for hierarchy "cpu:cpu" File: /home/nickorlow/programming/school/warminster/yayacemu/chip8.sv Line: 44
Warning (10230): Verilog HDL assignment warning at cpu.sv(148): truncated value with size 32 to match size of target (16) File: /home/nickorlow/programming/school/warminster/yayacemu/cpu.sv Line: 148
Warning (10230): Verilog HDL assignment warning at cpu.sv(154): truncated value with size 32 to match size of target (16) File: /home/nickorlow/programming/school/warminster/yayacemu/cpu.sv Line: 154
Warning (10230): Verilog HDL assignment warning at cpu.sv(171): truncated value with size 32 to match size of target (16) File: /home/nickorlow/programming/school/warminster/yayacemu/cpu.sv Line: 171
Warning (10230): Verilog HDL assignment warning at cpu.sv(249): truncated value with size 32 to match size of target (5) File: /home/nickorlow/programming/school/warminster/yayacemu/cpu.sv Line: 249
Warning (10230): Verilog HDL assignment warning at cpu.sv(252): truncated value with size 32 to match size of target (5) File: /home/nickorlow/programming/school/warminster/yayacemu/cpu.sv Line: 252
Warning (10230): Verilog HDL assignment warning at cpu.sv(281): truncated value with size 32 to match size of target (16) File: /home/nickorlow/programming/school/warminster/yayacemu/cpu.sv Line: 281
Warning (10230): Verilog HDL assignment warning at cpu.sv(285): truncated value with size 32 to match size of target (5) File: /home/nickorlow/programming/school/warminster/yayacemu/cpu.sv Line: 285
Warning (10230): Verilog HDL assignment warning at cpu.sv(296): truncated value with size 32 to match size of target (5) File: /home/nickorlow/programming/school/warminster/yayacemu/cpu.sv Line: 296
Warning (10230): Verilog HDL assignment warning at cpu.sv(323): truncated value with size 32 to match size of target (16) File: /home/nickorlow/programming/school/warminster/yayacemu/cpu.sv Line: 323
Warning (10230): Verilog HDL assignment warning at cpu.sv(333): truncated value with size 32 to match size of target (16) File: /home/nickorlow/programming/school/warminster/yayacemu/cpu.sv Line: 333
Warning (10030): Net "instr.src_reg" at cpu.sv(131) has no driver or initial value, using a default initial value '0' File: /home/nickorlow/programming/school/warminster/yayacemu/cpu.sv Line: 131
Warning (10030): Net "instr.src_addr" at cpu.sv(131) has no driver or initial value, using a default initial value '0' File: /home/nickorlow/programming/school/warminster/yayacemu/cpu.sv Line: 131
Warning (10030): Net "instr.dst_addr" at cpu.sv(131) has no driver or initial value, using a default initial value '0' File: /home/nickorlow/programming/school/warminster/yayacemu/cpu.sv Line: 131
Info (12128): Elaborating entity "alu" for hierarchy "cpu:cpu|alu:alu" File: /home/nickorlow/programming/school/warminster/yayacemu/cpu.sv Line: 33
Info (12128): Elaborating entity "st7920_serial_driver" for hierarchy "cpu:cpu|st7920_serial_driver:gpu" File: /home/nickorlow/programming/school/warminster/yayacemu/cpu.sv Line: 49
Warning (10036): Verilog HDL or VHDL warning at st7920_serial_driver.sv(23): object "line_idx" assigned a value but never read File: /home/nickorlow/programming/school/warminster/yayacemu/the-bomb/st7920_serial_driver.sv Line: 23
Warning (10230): Verilog HDL assignment warning at st7920_serial_driver.sv(71): truncated value with size 32 to match size of target (7) File: /home/nickorlow/programming/school/warminster/yayacemu/the-bomb/st7920_serial_driver.sv Line: 71
Warning (10230): Verilog HDL assignment warning at st7920_serial_driver.sv(84): truncated value with size 32 to match size of target (7) File: /home/nickorlow/programming/school/warminster/yayacemu/the-bomb/st7920_serial_driver.sv Line: 84
Warning (10230): Verilog HDL assignment warning at st7920_serial_driver.sv(103): truncated value with size 32 to match size of target (6) File: /home/nickorlow/programming/school/warminster/yayacemu/the-bomb/st7920_serial_driver.sv Line: 103
Warning (10230): Verilog HDL assignment warning at st7920_serial_driver.sv(131): truncated value with size 32 to match size of target (9) File: /home/nickorlow/programming/school/warminster/yayacemu/the-bomb/st7920_serial_driver.sv Line: 131
Warning (10030): Net "commands[6..10]" at st7920_serial_driver.sv(26) has no driver or initial value, using a default initial value '0' File: /home/nickorlow/programming/school/warminster/yayacemu/the-bomb/st7920_serial_driver.sv Line: 26
Info (12128): Elaborating entity "commander" for hierarchy "cpu:cpu|st7920_serial_driver:gpu|commander:com" File: /home/nickorlow/programming/school/warminster/yayacemu/the-bomb/st7920_serial_driver.sv Line: 42
Info (12128): Elaborating entity "d_flip_flop" for hierarchy "cpu:cpu|st7920_serial_driver:gpu|d_flip_flop:dff" File: /home/nickorlow/programming/school/warminster/yayacemu/the-bomb/st7920_serial_driver.sv Line: 50
Info (19000): Inferred 1 megafunctions from design logic
    Info (276029): Inferred altsyncram megafunction from the following design logic: "memory:mem|mem_rtl_0" 
        Info (286033): Parameter OPERATION_MODE set to DUAL_PORT
        Info (286033): Parameter WIDTH_A set to 8
        Info (286033): Parameter WIDTHAD_A set to 12
        Info (286033): Parameter NUMWORDS_A set to 4096
        Info (286033): Parameter WIDTH_B set to 8
        Info (286033): Parameter WIDTHAD_B set to 12
        Info (286033): Parameter NUMWORDS_B set to 4096
        Info (286033): Parameter ADDRESS_ACLR_A set to NONE
        Info (286033): Parameter OUTDATA_REG_B set to UNREGISTERED
        Info (286033): Parameter ADDRESS_ACLR_B set to NONE
        Info (286033): Parameter OUTDATA_ACLR_B set to NONE
        Info (286033): Parameter ADDRESS_REG_B set to CLOCK0
        Info (286033): Parameter INDATA_ACLR_A set to NONE
        Info (286033): Parameter WRCONTROL_ACLR_A set to NONE
        Info (286033): Parameter INIT_FILE set to db/chip8.ram0_memory_e9e85012.hdl.mif
        Info (286033): Parameter READ_DURING_WRITE_MODE_MIXED_PORTS set to OLD_DATA
Info (12130): Elaborated megafunction instantiation "memory:mem|altsyncram:mem_rtl_0"
Info (12133): Instantiated megafunction "memory:mem|altsyncram:mem_rtl_0" with the following parameter:
    Info (12134): Parameter "OPERATION_MODE" = "DUAL_PORT"
    Info (12134): Parameter "WIDTH_A" = "8"
    Info (12134): Parameter "WIDTHAD_A" = "12"
    Info (12134): Parameter "NUMWORDS_A" = "4096"
    Info (12134): Parameter "WIDTH_B" = "8"
    Info (12134): Parameter "WIDTHAD_B" = "12"
    Info (12134): Parameter "NUMWORDS_B" = "4096"
    Info (12134): Parameter "ADDRESS_ACLR_A" = "NONE"
    Info (12134): Parameter "OUTDATA_REG_B" = "UNREGISTERED"
    Info (12134): Parameter "ADDRESS_ACLR_B" = "NONE"
    Info (12134): Parameter "OUTDATA_ACLR_B" = "NONE"
    Info (12134): Parameter "ADDRESS_REG_B" = "CLOCK0"
    Info (12134): Parameter "INDATA_ACLR_A" = "NONE"
    Info (12134): Parameter "WRCONTROL_ACLR_A" = "NONE"
    Info (12134): Parameter "INIT_FILE" = "db/chip8.ram0_memory_e9e85012.hdl.mif"
    Info (12134): Parameter "READ_DURING_WRITE_MODE_MIXED_PORTS" = "OLD_DATA"
Info (12021): Found 1 design units, including 1 entities, in source file db/altsyncram_dsq1.tdf
    Info (12023): Found entity 1: altsyncram_dsq1 File: /home/nickorlow/programming/school/warminster/yayacemu/db/altsyncram_dsq1.tdf Line: 28
Warning (13024): Output pins are stuck at VCC or GND
    Warning (13410): Pin "led[4]" is stuck at GND File: /home/nickorlow/programming/school/warminster/yayacemu/chip8.sv Line: 7
    Warning (13410): Pin "led[5]" is stuck at GND File: /home/nickorlow/programming/school/warminster/yayacemu/chip8.sv Line: 7
Info (286030): Timing-Driven Synthesis is running
Info (17049): 6 registers lost all their fanouts during netlist optimizations.
Info (144001): Generated suppressed messages file /home/nickorlow/programming/school/warminster/yayacemu/output_files/chip8.map.smsg
Info (16010): Generating hard_block partition "hard_block:auto_generated_inst"
    Info (16011): Adding 0 node(s), including 0 DDIO, 0 PLL, 0 transceiver and 0 LCELL
Warning (21074): Design contains 1 input pin(s) that do not drive logic
    Warning (15610): No output dependent on input pin "rst_in" File: /home/nickorlow/programming/school/warminster/yayacemu/chip8.sv Line: 3
Info (21057): Implemented 17552 device resources after synthesis - the final resource count might be different
    Info (21058): Implemented 2 input pins
    Info (21059): Implemented 8 output pins
    Info (21061): Implemented 17534 logic cells
    Info (21064): Implemented 8 RAM segments
Info: Quartus Prime Analysis & Synthesis was successful. 0 errors, 29 warnings
    Info: Peak virtual memory: 775 megabytes
    Info: Processing ended: Mon Apr  8 08:47:47 2024
    Info: Elapsed time: 00:00:56
    Info: Total CPU time (on all processors): 00:01:34


+------------------------------------------+
; Analysis & Synthesis Suppressed Messages ;
+------------------------------------------+
The suppressed messages can be found in /home/nickorlow/programming/school/warminster/yayacemu/output_files/chip8.map.smsg.


